#
# There is insufficient memory for the Java Runtime Environment to continue.
# Native memory allocation (malloc) failed to allocate 262160 bytes for Chunk::new
# Possible reasons:
#   The system is out of physical RAM or swap space
#   The process is running with CompressedOops enabled, and the Java Heap may be blocking the growth of the native heap
# Possible solutions:
#   Reduce memory load on the system
#   Increase physical memory or swap space
#   Check if swap backing store is full
#   Decrease Java heap size (-Xmx/-Xms)
#   Decrease number of Java threads
#   Decrease Java thread stack sizes (-Xss)
#   Set larger code cache with -XX:ReservedCodeCacheSize=
#   JVM is running with Unscaled Compressed Oops mode in which the Java heap is
#     placed in the first 4GB address space. The Java Heap base address is the
#     maximum limit for the native heap growth. Please use -XX:HeapBaseMinAddress
#     to set the Java Heap base and to place the Java Heap above 4GB virtual address.
# This output file may be truncated or incomplete.
#
#  Out of Memory Error (arena.cpp:191), pid=27752, tid=26892
#
# JRE version: OpenJDK Runtime Environment Temurin-17.0.9+9 (17.0.9+9) (build 17.0.9+9)
# Java VM: OpenJDK 64-Bit Server VM Temurin-17.0.9+9 (17.0.9+9, mixed mode, tiered, compressed oops, compressed class ptrs, g1 gc, windows-amd64)
# No core dump will be written. Minidumps are not enabled by default on client versions of Windows
#

---------------  S U M M A R Y ------------

Command Line: -ea -Dfile.encoding=UTF-8 -Dstdout.encoding=UTF-8 -Dstderr.encoding=UTF-8 -XX:+ShowCodeDetailsInExceptionMessages org.eclipse.jdt.internal.junit.runner.RemoteTestRunner -version 3 -port 49229 -testLoaderClass org.eclipse.jdt.internal.junit5.runner.JUnit5TestLoader -loaderpluginname org.eclipse.jdt.junit5.runtime -classNames junitpkg.Amazone

Host: Intel(R) Pentium(R) CPU 5405U @ 2.30GHz, 4 cores, 3G,  Windows 10 , 64 bit Build 19041 (10.0.19041.2546)
Time: Wed Feb 28 20:16:40 2024 India Standard Time elapsed time: 38.661292 seconds (0d 0h 0m 38s)

---------------  T H R E A D  ---------------

Current thread (0x00000225e46d5c00):  JavaThread "C2 CompilerThread0" daemon [_thread_in_native, id=26892, stack(0x000000c72f000000,0x000000c72f100000)]


Current CompileTask:
C2:  38662 2176       4       jdk.internal.org.objectweb.asm.Frame::execute (2305 bytes)

Stack: [0x000000c72f000000,0x000000c72f100000]
Native frames: (J=compiled Java code, j=interpreted, Vv=VM code, C=native code)
V  [jvm.dll+0x67cf49]
V  [jvm.dll+0x83478a]
V  [jvm.dll+0x83624e]
V  [jvm.dll+0x8368b3]
V  [jvm.dll+0x247f1f]
V  [jvm.dll+0xac43c]
V  [jvm.dll+0xaca8c]
V  [jvm.dll+0xac54b]
V  [jvm.dll+0x6a2308]
V  [jvm.dll+0x1a9e63]
V  [jvm.dll+0x6a404f]
V  [jvm.dll+0x349ee5]
V  [jvm.dll+0x1a9f90]
V  [jvm.dll+0x697d9e]
V  [jvm.dll+0x69329d]
V  [jvm.dll+0x68d36b]
V  [jvm.dll+0x68c9a7]
V  [jvm.dll+0x68a892]
V  [jvm.dll+0x1a8a2c]
V  [jvm.dll+0x1a95f6]
V  [jvm.dll+0x2ae674]
V  [jvm.dll+0x6953a5]
V  [jvm.dll+0x68d36b]
V  [jvm.dll+0x68c9a7]
V  [jvm.dll+0x68a892]
V  [jvm.dll+0x1a8a2c]
V  [jvm.dll+0x219588]
V  [jvm.dll+0x1a57cd]
V  [jvm.dll+0x2297ae]
V  [jvm.dll+0x22797c]
V  [jvm.dll+0x7e9877]
V  [jvm.dll+0x7e3c3a]
V  [jvm.dll+0x67be35]
C  [ucrtbase.dll+0x21bb2]
C  [KERNEL32.DLL+0x17614]
C  [ntdll.dll+0x526a1]


---------------  P R O C E S S  ---------------

Threads class SMR info:
_java_thread_list=0x00000225e9e73380, length=26, elements={
0x00000225cd5e8f90, 0x00000225e4681880, 0x00000225e46848a0, 0x00000225e46c94b0,
0x00000225e46cad90, 0x00000225e46cb660, 0x00000225e46ccf40, 0x00000225e46d5c00,
0x00000225e4839a90, 0x00000225e485c3b0, 0x00000225e4946df0, 0x00000225e49629f0,
0x00000225e90cf1a0, 0x00000225e94b1410, 0x00000225e9992360, 0x00000225e9992840,
0x00000225e997c030, 0x00000225e997c510, 0x00000225e941dfa0, 0x00000225e941da90,
0x00000225e941d070, 0x00000225e941e4b0, 0x00000225e941e9c0, 0x00000225e918f3d0,
0x00000225e918eec0, 0x00000225e918f8e0
}

Java Threads: ( => current thread )
  0x00000225cd5e8f90 JavaThread "main" [_thread_in_vm, id=18540, stack(0x000000c72e300000,0x000000c72e400000)]
  0x00000225e4681880 JavaThread "Reference Handler" daemon [_thread_blocked, id=24728, stack(0x000000c72ea00000,0x000000c72eb00000)]
  0x00000225e46848a0 JavaThread "Finalizer" daemon [_thread_blocked, id=27308, stack(0x000000c72eb00000,0x000000c72ec00000)]
  0x00000225e46c94b0 JavaThread "Signal Dispatcher" daemon [_thread_blocked, id=27148, stack(0x000000c72ec00000,0x000000c72ed00000)]
  0x00000225e46cad90 JavaThread "Attach Listener" daemon [_thread_blocked, id=26568, stack(0x000000c72ed00000,0x000000c72ee00000)]
  0x00000225e46cb660 JavaThread "Service Thread" daemon [_thread_blocked, id=26788, stack(0x000000c72ee00000,0x000000c72ef00000)]
  0x00000225e46ccf40 JavaThread "Monitor Deflation Thread" daemon [_thread_blocked, id=26996, stack(0x000000c72ef00000,0x000000c72f000000)]
=>0x00000225e46d5c00 JavaThread "C2 CompilerThread0" daemon [_thread_in_native, id=26892, stack(0x000000c72f000000,0x000000c72f100000)]
  0x00000225e4839a90 JavaThread "C1 CompilerThread0" daemon [_thread_in_vm, id=27372, stack(0x000000c72f100000,0x000000c72f200000)]
  0x00000225e485c3b0 JavaThread "Sweeper thread" daemon [_thread_blocked, id=27300, stack(0x000000c72f200000,0x000000c72f300000)]
  0x00000225e4946df0 JavaThread "Notification Thread" daemon [_thread_blocked, id=27120, stack(0x000000c72f300000,0x000000c72f400000)]
  0x00000225e49629f0 JavaThread "Common-Cleaner" daemon [_thread_blocked, id=27172, stack(0x000000c72f500000,0x000000c72f600000)]
  0x00000225e90cf1a0 JavaThread "ReaderThread" [_thread_in_native, id=22780, stack(0x000000c72f600000,0x000000c72f700000)]
  0x00000225e94b1410 JavaThread "ForkJoinPool.commonPool-worker-1" daemon [_thread_blocked, id=24520, stack(0x000000c72fb00000,0x000000c72fc00000)]
  0x00000225e9992360 JavaThread "HttpClient-1-SelectorManager" daemon [_thread_in_native, id=28200, stack(0x000000c72fc00000,0x000000c72fd00000)]
  0x00000225e9992840 JavaThread "External Process Output Forwarder - C:\Users\DELL\.cache\selenium\chromedriver\win64\122.0.6261.94\chromedriver.exe" daemon [_thread_in_native, id=26960, stack(0x000000c72fd00000,0x000000c72fe00000)]
  0x00000225e997c030 JavaThread "Driver Service Executor" daemon [_thread_blocked, id=25604, stack(0x000000c72fe00000,0x000000c72ff00000)]
  0x00000225e997c510 JavaThread "Driver Service Executor" daemon [_thread_blocked, id=26180, stack(0x000000c72ff00000,0x000000c730000000)]
  0x00000225e941dfa0 JavaThread "UrlChecker-2" daemon [_thread_blocked, id=20220, stack(0x000000c730000000,0x000000c730100000)]
  0x00000225e941da90 JavaThread "pool-1-thread-1" [_thread_blocked, id=27116, stack(0x000000c730300000,0x000000c730400000)]
  0x00000225e941d070 JavaThread "pool-1-thread-2" [_thread_blocked, id=6108, stack(0x000000c730400000,0x000000c730500000)]
  0x00000225e941e4b0 JavaThread "pool-1-thread-3" [_thread_blocked, id=28060, stack(0x000000c730500000,0x000000c730600000)]
  0x00000225e941e9c0 JavaThread "HttpClient-2-SelectorManager" daemon [_thread_in_native, id=20948, stack(0x000000c730600000,0x000000c730700000)]
  0x00000225e918f3d0 JavaThread "pool-2-thread-1" [_thread_blocked, id=7688, stack(0x000000c730700000,0x000000c730800000)]
  0x00000225e918eec0 JavaThread "pool-2-thread-2" [_thread_blocked, id=27460, stack(0x000000c730800000,0x000000c730900000)]
  0x00000225e918f8e0 JavaThread "pool-2-thread-3" [_thread_blocked, id=21576, stack(0x000000c730900000,0x000000c730a00000)]

Other Threads:
  0x00000225cd69e5b0 VMThread "VM Thread" [stack: 0x000000c72e900000,0x000000c72ea00000] [id=26888]
  0x00000225e4949af0 WatcherThread [stack: 0x000000c72f400000,0x000000c72f500000] [id=27180]
  0x00000225cd624b30 GCTaskThread "GC Thread#0" [stack: 0x000000c72e400000,0x000000c72e500000] [id=23412]
  0x00000225e973e020 GCTaskThread "GC Thread#1" [stack: 0x000000c72f700000,0x000000c72f800000] [id=27976]
  0x00000225e973e2e0 GCTaskThread "GC Thread#2" [stack: 0x000000c72f800000,0x000000c72f900000] [id=27876]
  0x00000225e973e9a0 GCTaskThread "GC Thread#3" [stack: 0x000000c72f900000,0x000000c72fa00000] [id=27948]
  0x00000225cd62d5d0 ConcurrentGCThread "G1 Main Marker" [stack: 0x000000c72e500000,0x000000c72e600000] [id=19676]
  0x00000225cd62df00 ConcurrentGCThread "G1 Conc#0" [stack: 0x000000c72e600000,0x000000c72e700000] [id=27780]
  0x00000225cd67fa50 ConcurrentGCThread "G1 Refine#0" [stack: 0x000000c72e700000,0x000000c72e800000] [id=26992]
  0x00000225e9745af0 ConcurrentGCThread "G1 Refine#1" [stack: 0x000000c72fa00000,0x000000c72fb00000] [id=27820]
  0x00000225cd680390 ConcurrentGCThread "G1 Service" [stack: 0x000000c72e800000,0x000000c72e900000] [id=27804]

Threads with active compile tasks:
C2 CompilerThread0    38796 2176       4       jdk.internal.org.objectweb.asm.Frame::execute (2305 bytes)
C1 CompilerThread0    38796 2194       3       java.lang.reflect.AccessibleObject::checkCanSetAccessible (368 bytes)

VM state: not at safepoint (normal execution)

VM Mutex/Monitor currently owned by a thread: None

Heap address: 0x00000000c1e00000, size: 994 MB, Compressed Oops mode: 32-bit

CDS archive(s) not mapped
Compressed class space mapped at: 0x0000000100000000-0x0000000140000000, reserved size: 1073741824
Narrow klass base: 0x0000000000000000, Narrow klass shift: 3, Narrow klass range: 0x140000000

GC Precious Log:
 CPUs: 4 total, 4 available
 Memory: 3973M
 Large Page Support: Disabled
 NUMA Support: Disabled
 Compressed Oops: Enabled (32-bit)
 Heap Region Size: 1M
 Heap Min Capacity: 8M
 Heap Initial Capacity: 64M
 Heap Max Capacity: 994M
 Pre-touch: Disabled
 Parallel Workers: 4
 Concurrent Workers: 1
 Concurrent Refinement Workers: 4
 Periodic GC: Disabled

Heap:
 garbage-first heap   total 34816K, used 17748K [0x00000000c1e00000, 0x0000000100000000)
  region size 1024K, 15 young (15360K), 4 survivors (4096K)
 Metaspace       used 23467K, committed 23744K, reserved 1114112K
  class space    used 2687K, committed 2816K, reserved 1048576K

Heap Regions: E=young(eden), S=young(survivor), O=old, HS=humongous(starts), HC=humongous(continues), CS=collection set, F=free, OA=open archive, CA=closed archive, TAMS=top-at-mark-start (previous, next)
|   0|0x00000000c1e00000, 0x00000000c1f00000, 0x00000000c1f00000|100%| O|  |TAMS 0x00000000c1f00000, 0x00000000c1e00000| Untracked 
|   1|0x00000000c1f00000, 0x00000000c2000000, 0x00000000c2000000|100%| O|  |TAMS 0x00000000c2000000, 0x00000000c1f00000| Untracked 
|   2|0x00000000c2000000, 0x00000000c2100000, 0x00000000c2100000|100%| O|  |TAMS 0x00000000c2100000, 0x00000000c2000000| Untracked 
|   3|0x00000000c2100000, 0x00000000c2200000, 0x00000000c2200000|100%| O|  |TAMS 0x00000000c2200000, 0x00000000c2100000| Untracked 
|   4|0x00000000c2200000, 0x00000000c221ec00, 0x00000000c2300000| 12%| O|  |TAMS 0x00000000c221ec00, 0x00000000c2200000| Complete 
|   5|0x00000000c2300000, 0x00000000c2300000, 0x00000000c2400000|  0%| F|  |TAMS 0x00000000c2300000, 0x00000000c2300000| Untracked 
|   6|0x00000000c2400000, 0x00000000c2400000, 0x00000000c2500000|  0%| F|  |TAMS 0x00000000c2400000, 0x00000000c2400000| Untracked 
|   7|0x00000000c2500000, 0x00000000c2500000, 0x00000000c2600000|  0%| F|  |TAMS 0x00000000c2500000, 0x00000000c2500000| Untracked 
|   8|0x00000000c2600000, 0x00000000c2600000, 0x00000000c2700000|  0%| F|  |TAMS 0x00000000c2600000, 0x00000000c2600000| Untracked 
|   9|0x00000000c2700000, 0x00000000c2700000, 0x00000000c2800000|  0%| F|  |TAMS 0x00000000c2700000, 0x00000000c2700000| Untracked 
|  10|0x00000000c2800000, 0x00000000c2800000, 0x00000000c2900000|  0%| F|  |TAMS 0x00000000c2800000, 0x00000000c2800000| Untracked 
|  11|0x00000000c2900000, 0x00000000c2900000, 0x00000000c2a00000|  0%| F|  |TAMS 0x00000000c2900000, 0x00000000c2900000| Untracked 
|  12|0x00000000c2a00000, 0x00000000c2a00000, 0x00000000c2b00000|  0%| F|  |TAMS 0x00000000c2a00000, 0x00000000c2a00000| Untracked 
|  13|0x00000000c2b00000, 0x00000000c2b00000, 0x00000000c2c00000|  0%| F|  |TAMS 0x00000000c2b00000, 0x00000000c2b00000| Untracked 
|  14|0x00000000c2c00000, 0x00000000c2c00000, 0x00000000c2d00000|  0%| F|  |TAMS 0x00000000c2c00000, 0x00000000c2c00000| Untracked 
|  15|0x00000000c2d00000, 0x00000000c2d00000, 0x00000000c2e00000|  0%| F|  |TAMS 0x00000000c2d00000, 0x00000000c2d00000| Untracked 
|  16|0x00000000c2e00000, 0x00000000c2e00000, 0x00000000c2f00000|  0%| F|  |TAMS 0x00000000c2e00000, 0x00000000c2e00000| Untracked 
|  17|0x00000000c2f00000, 0x00000000c2f00000, 0x00000000c3000000|  0%| F|  |TAMS 0x00000000c2f00000, 0x00000000c2f00000| Untracked 
|  18|0x00000000c3000000, 0x00000000c3000000, 0x00000000c3100000|  0%| F|  |TAMS 0x00000000c3000000, 0x00000000c3000000| Untracked 
|  19|0x00000000c3100000, 0x00000000c3200000, 0x00000000c3200000|100%| E|  |TAMS 0x00000000c3100000, 0x00000000c3100000| Complete 
|  20|0x00000000c3200000, 0x00000000c3300000, 0x00000000c3300000|100%| E|CS|TAMS 0x00000000c3200000, 0x00000000c3200000| Complete 
|  21|0x00000000c3300000, 0x00000000c3400000, 0x00000000c3400000|100%| E|CS|TAMS 0x00000000c3300000, 0x00000000c3300000| Complete 
|  22|0x00000000c3400000, 0x00000000c3500000, 0x00000000c3500000|100%| E|CS|TAMS 0x00000000c3400000, 0x00000000c3400000| Complete 
|  23|0x00000000c3500000, 0x00000000c3600000, 0x00000000c3600000|100%| E|CS|TAMS 0x00000000c3500000, 0x00000000c3500000| Complete 
|  24|0x00000000c3600000, 0x00000000c3700000, 0x00000000c3700000|100%| E|CS|TAMS 0x00000000c3600000, 0x00000000c3600000| Complete 
|  25|0x00000000c3700000, 0x00000000c3800000, 0x00000000c3800000|100%| E|CS|TAMS 0x00000000c3700000, 0x00000000c3700000| Complete 
|  26|0x00000000c3800000, 0x00000000c3900000, 0x00000000c3900000|100%| E|CS|TAMS 0x00000000c3800000, 0x00000000c3800000| Complete 
|  27|0x00000000c3900000, 0x00000000c3a00000, 0x00000000c3a00000|100%| E|CS|TAMS 0x00000000c3900000, 0x00000000c3900000| Complete 
|  28|0x00000000c3a00000, 0x00000000c3b00000, 0x00000000c3b00000|100%| E|CS|TAMS 0x00000000c3a00000, 0x00000000c3a00000| Complete 
|  43|0x00000000c4900000, 0x00000000c4936680, 0x00000000c4a00000| 21%| S|CS|TAMS 0x00000000c4900000, 0x00000000c4900000| Complete 
|  44|0x00000000c4a00000, 0x00000000c4b00000, 0x00000000c4b00000|100%| S|CS|TAMS 0x00000000c4a00000, 0x00000000c4a00000| Complete 
|  45|0x00000000c4b00000, 0x00000000c4c00000, 0x00000000c4c00000|100%| S|CS|TAMS 0x00000000c4b00000, 0x00000000c4b00000| Complete 
|  46|0x00000000c4c00000, 0x00000000c4d00000, 0x00000000c4d00000|100%| S|CS|TAMS 0x00000000c4c00000, 0x00000000c4c00000| Complete 
|  63|0x00000000c5d00000, 0x00000000c5e00000, 0x00000000c5e00000|100%| E|CS|TAMS 0x00000000c5d00000, 0x00000000c5d00000| Complete 

Card table byte_map: [0x00000225dfeb0000,0x00000225e00b0000] _byte_map_base: 0x00000225df8a1000

Marking Bits (Prev, Next): (CMBitMap*) 0x00000225cd6250a0, (CMBitMap*) 0x00000225cd625060
 Prev Bits: [0x00000225e1240000, 0x00000225e21c8000)
 Next Bits: [0x00000225e02b0000, 0x00000225e1238000)

Polling page: 0x00000225cb510000

Metaspace:

Usage:
  Non-class:     20.30 MB used.
      Class:      2.62 MB used.
       Both:     22.92 MB used.

Virtual space:
  Non-class space:       64.00 MB reserved,      20.44 MB ( 32%) committed,  1 nodes.
      Class space:        1.00 GB reserved,       2.75 MB ( <1%) committed,  1 nodes.
             Both:        1.06 GB reserved,      23.19 MB (  2%) committed. 

Chunk freelists:
   Non-Class:  11.16 MB
       Class:  13.26 MB
        Both:  24.41 MB

MaxMetaspaceSize: unlimited
CompressedClassSpaceSize: 1.00 GB
Initial GC threshold: 21.00 MB
Current GC threshold: 35.31 MB
CDS: off
MetaspaceReclaimPolicy: balanced
 - commit_granule_bytes: 65536.
 - commit_granule_words: 8192.
 - virtual_space_node_default_size: 8388608.
 - enlarge_chunks_in_place: 1.
 - new_chunks_are_fully_committed: 0.
 - uncommit_free_chunks: 1.
 - use_allocation_guard: 0.
 - handle_deallocations: 1.


Internal statistics:

num_allocs_failed_limit: 3.
num_arena_births: 258.
num_arena_deaths: 0.
num_vsnodes_births: 2.
num_vsnodes_deaths: 0.
num_space_committed: 371.
num_space_uncommitted: 0.
num_chunks_returned_to_freelist: 3.
num_chunks_taken_from_freelist: 683.
num_chunk_merges: 3.
num_chunk_splits: 388.
num_chunks_enlarged: 251.
num_inconsistent_stats: 0.

CodeHeap 'non-profiled nmethods': size=120000Kb used=727Kb max_used=727Kb free=119272Kb
 bounds [0x00000225d8780000, 0x00000225d89f0000, 0x00000225dfcb0000]
CodeHeap 'profiled nmethods': size=120000Kb used=4311Kb max_used=4311Kb free=115688Kb
 bounds [0x00000225d0cb0000, 0x00000225d10f0000, 0x00000225d81e0000]
CodeHeap 'non-nmethods': size=5760Kb used=1215Kb max_used=1284Kb free=4544Kb
 bounds [0x00000225d81e0000, 0x00000225d8450000, 0x00000225d8780000]
 total_blobs=2711 nmethods=2193 adapters=431
 compilation: enabled
              stopped_count=0, restarted_count=0
 full_count=0

Compilation events (20 events):
Event: 38.496 Thread 0x00000225e4839a90 nmethod 2168 0x00000225d10d5810 code [0x00000225d10d59c0, 0x00000225d10d5c28]
Event: 38.544 Thread 0x00000225e4839a90 2169       1       java.util.TreeMap$Entry::getKey (5 bytes)
Event: 38.544 Thread 0x00000225e4839a90 nmethod 2169 0x00000225d8834c90 code [0x00000225d8834e20, 0x00000225d8834ef8]
Event: 38.564 Thread 0x00000225e4839a90 2170       3       java.util.StringJoiner::checkAddLength (50 bytes)
Event: 38.565 Thread 0x00000225e4839a90 nmethod 2170 0x00000225d10d5d10 code [0x00000225d10d5ee0, 0x00000225d10d6308]
Event: 38.577 Thread 0x00000225e4839a90 2171       3       java.lang.invoke.MethodHandle::intrinsicName (4 bytes)
Event: 38.578 Thread 0x00000225e4839a90 nmethod 2171 0x00000225d10d6510 code [0x00000225d10d66a0, 0x00000225d10d67b8]
Event: 38.584 Thread 0x00000225e4839a90 2172       3       java.lang.invoke.LambdaFormBuffer::changeName (149 bytes)
Event: 38.585 Thread 0x00000225e4839a90 nmethod 2172 0x00000225d10d6890 code [0x00000225d10d6a60, 0x00000225d10d6f88]
Event: 38.585 Thread 0x00000225e4839a90 2173       3       java.lang.invoke.LambdaForm$Name::internArguments (62 bytes)
Event: 38.586 Thread 0x00000225e4839a90 nmethod 2173 0x00000225d10d7110 code [0x00000225d10d7300, 0x00000225d10d79c8]
Event: 38.586 Thread 0x00000225e46d5c00 2174       4       java.util.ImmutableCollections$ListN::size (6 bytes)
Event: 38.587 Thread 0x00000225e46d5c00 nmethod 2174 0x00000225d8834f90 code [0x00000225d8835100, 0x00000225d8835198]
Event: 38.601 Thread 0x00000225e46d5c00 2175       4       java.util.ImmutableCollections$ListN::get (7 bytes)
Event: 38.601 Thread 0x00000225e46d5c00 nmethod 2175 0x00000225d8835290 code [0x00000225d8835400, 0x00000225d88354b8]
Event: 38.604 Thread 0x00000225e46d5c00 2176       4       jdk.internal.org.objectweb.asm.Frame::execute (2305 bytes)
Event: 38.636 Thread 0x00000225e4839a90 2177       3       java.lang.invoke.LambdaForm::useCount (61 bytes)
Event: 38.636 Thread 0x00000225e4839a90 nmethod 2177 0x00000225d10d7b90 code [0x00000225d10d7d60, 0x00000225d10d80c8]
Event: 38.636 Thread 0x00000225e4839a90 2178       3       java.lang.invoke.InvokerBytecodeGenerator::isStaticallyNameable (148 bytes)
Event: 38.642 Thread 0x00000225e4839a90 nmethod 2178 0x00000225d10d8290 code [0x00000225d10d85c0, 0x00000225d10d9898]

GC Heap History (6 events):
Event: 2.573 GC heap before
{Heap before GC invocations=0 (full 0):
 garbage-first heap   total 65536K, used 12288K [0x00000000c1e00000, 0x0000000100000000)
  region size 1024K, 13 young (13312K), 0 survivors (0K)
 Metaspace       used 12193K, committed 12352K, reserved 1114112K
  class space    used 1156K, committed 1216K, reserved 1048576K
}
Event: 2.579 GC heap after
{Heap after GC invocations=1 (full 0):
 garbage-first heap   total 65536K, used 4219K [0x00000000c1e00000, 0x0000000100000000)
  region size 1024K, 2 young (2048K), 2 survivors (2048K)
 Metaspace       used 12193K, committed 12352K, reserved 1114112K
  class space    used 1156K, committed 1216K, reserved 1048576K
}
Event: 6.079 GC heap before
{Heap before GC invocations=1 (full 0):
 garbage-first heap   total 65536K, used 16507K [0x00000000c1e00000, 0x0000000100000000)
  region size 1024K, 14 young (14336K), 2 survivors (2048K)
 Metaspace       used 16846K, committed 17024K, reserved 1114112K
  class space    used 1823K, committed 1920K, reserved 1048576K
}
Event: 6.086 GC heap after
{Heap after GC invocations=2 (full 0):
 garbage-first heap   total 65536K, used 5416K [0x00000000c1e00000, 0x0000000100000000)
  region size 1024K, 2 young (2048K), 2 survivors (2048K)
 Metaspace       used 16846K, committed 17024K, reserved 1114112K
  class space    used 1823K, committed 1920K, reserved 1048576K
}
Event: 7.446 GC heap before
{Heap before GC invocations=2 (full 0):
 garbage-first heap   total 65536K, used 18728K [0x00000000c1e00000, 0x0000000100000000)
  region size 1024K, 17 young (17408K), 2 survivors (2048K)
 Metaspace       used 21294K, committed 21504K, reserved 1114112K
  class space    used 2367K, committed 2496K, reserved 1048576K
}
Event: 7.452 GC heap after
{Heap after GC invocations=3 (full 0):
 garbage-first heap   total 65536K, used 7508K [0x00000000c1e00000, 0x0000000100000000)
  region size 1024K, 4 young (4096K), 4 survivors (4096K)
 Metaspace       used 21294K, committed 21504K, reserved 1114112K
  class space    used 2367K, committed 2496K, reserved 1048576K
}

Dll operation events (7 events):
Event: 0.095 Loaded shared library C:\Users\DELL\Downloads\eclipse-committers-2023-12-R-win32-x86_64\eclipse\plugins\org.eclipse.justj.openjdk.hotspot.jre.full.win32.x86_64_17.0.9.v20231028-0858\jre\bin\java.dll
Event: 0.548 Loaded shared library C:\Users\DELL\Downloads\eclipse-committers-2023-12-R-win32-x86_64\eclipse\plugins\org.eclipse.justj.openjdk.hotspot.jre.full.win32.x86_64_17.0.9.v20231028-0858\jre\bin\net.dll
Event: 0.557 Loaded shared library C:\Users\DELL\Downloads\eclipse-committers-2023-12-R-win32-x86_64\eclipse\plugins\org.eclipse.justj.openjdk.hotspot.jre.full.win32.x86_64_17.0.9.v20231028-0858\jre\bin\nio.dll
Event: 0.585 Loaded shared library C:\Users\DELL\Downloads\eclipse-committers-2023-12-R-win32-x86_64\eclipse\plugins\org.eclipse.justj.openjdk.hotspot.jre.full.win32.x86_64_17.0.9.v20231028-0858\jre\bin\zip.dll
Event: 1.167 Loaded shared library C:\Users\DELL\Downloads\eclipse-committers-2023-12-R-win32-x86_64\eclipse\plugins\org.eclipse.justj.openjdk.hotspot.jre.full.win32.x86_64_17.0.9.v20231028-0858\jre\bin\jimage.dll
Event: 2.537 Loaded shared library C:\Users\DELL\Downloads\eclipse-committers-2023-12-R-win32-x86_64\eclipse\plugins\org.eclipse.justj.openjdk.hotspot.jre.full.win32.x86_64_17.0.9.v20231028-0858\jre\bin\verify.dll
Event: 6.167 Loaded shared library C:\Users\DELL\Downloads\eclipse-committers-2023-12-R-win32-x86_64\eclipse\plugins\org.eclipse.justj.openjdk.hotspot.jre.full.win32.x86_64_17.0.9.v20231028-0858\jre\bin\sunmscapi.dll

Deoptimization events (20 events):
Event: 23.620 Thread 0x00000225cd5e8f90 Uncommon trap: trap_request=0xffffff45 fr.pc=0x00000225d87d8518 relative=0x0000000000000378
Event: 23.620 Thread 0x00000225cd5e8f90 Uncommon trap: reason=unstable_if action=reinterpret pc=0x00000225d87d8518 method=java.lang.AbstractStringBuilder.isLatin1()Z @ 10 c2
Event: 23.620 Thread 0x00000225cd5e8f90 DEOPT PACKING pc=0x00000225d87d8518 sp=0x000000c72e3fd1c0
Event: 23.620 Thread 0x00000225cd5e8f90 DEOPT UNPACKING pc=0x00000225d823699d sp=0x000000c72e3fd140 mode 2
Event: 23.622 Thread 0x00000225cd5e8f90 Uncommon trap: trap_request=0xffffff45 fr.pc=0x00000225d8788e28 relative=0x0000000000000208
Event: 23.622 Thread 0x00000225cd5e8f90 Uncommon trap: reason=unstable_if action=reinterpret pc=0x00000225d8788e28 method=java.lang.StringLatin1.canEncode(I)Z @ 4 c2
Event: 23.622 Thread 0x00000225cd5e8f90 DEOPT PACKING pc=0x00000225d8788e28 sp=0x000000c72e3fd0d0
Event: 23.622 Thread 0x00000225cd5e8f90 DEOPT UNPACKING pc=0x00000225d823699d sp=0x000000c72e3fcfe8 mode 2
Event: 23.633 Thread 0x00000225cd5e8f90 Uncommon trap: trap_request=0xffffff45 fr.pc=0x00000225d8789498 relative=0x00000000000001f8
Event: 23.633 Thread 0x00000225cd5e8f90 Uncommon trap: reason=unstable_if action=reinterpret pc=0x00000225d8789498 method=java.lang.StringLatin1.canEncode(I)Z @ 4 c2
Event: 23.633 Thread 0x00000225cd5e8f90 DEOPT PACKING pc=0x00000225d8789498 sp=0x000000c72e3fc4e0
Event: 23.633 Thread 0x00000225cd5e8f90 DEOPT UNPACKING pc=0x00000225d823699d sp=0x000000c72e3fc440 mode 2
Event: 23.633 Thread 0x00000225cd5e8f90 Uncommon trap: trap_request=0xffffff45 fr.pc=0x00000225d87b0e1c relative=0x000000000000047c
Event: 23.633 Thread 0x00000225cd5e8f90 Uncommon trap: reason=unstable_if action=reinterpret pc=0x00000225d87b0e1c method=java.lang.AbstractStringBuilder.putStringAt(ILjava/lang/String;II)V @ 8 c2
Event: 23.634 Thread 0x00000225cd5e8f90 DEOPT PACKING pc=0x00000225d87b0e1c sp=0x000000c72e3fc3e0
Event: 23.634 Thread 0x00000225cd5e8f90 DEOPT UNPACKING pc=0x00000225d823699d sp=0x000000c72e3fc2d0 mode 2
Event: 23.634 Thread 0x00000225cd5e8f90 Uncommon trap: trap_request=0xffffff45 fr.pc=0x00000225d87b1884 relative=0x0000000000000104
Event: 23.634 Thread 0x00000225cd5e8f90 Uncommon trap: reason=unstable_if action=reinterpret pc=0x00000225d87b1884 method=java.lang.String.getBytes([BIIBI)V @ 6 c2
Event: 23.634 Thread 0x00000225cd5e8f90 DEOPT PACKING pc=0x00000225d87b1884 sp=0x000000c72e3fc950
Event: 23.634 Thread 0x00000225cd5e8f90 DEOPT UNPACKING pc=0x00000225d823699d sp=0x000000c72e3fc8e8 mode 2

Classes unloaded (0 events):
No events

Classes redefined (0 events):
No events

Internal exceptions (20 events):
Event: 6.307 Thread 0x00000225cd5e8f90 Exception <a 'java/lang/NoSuchMethodError'{0x00000000c5b1d798}: 'int java.lang.invoke.DirectMethodHandle$Holder.invokeStaticInit(java.lang.Object, java.lang.Object, java.lang.Object, java.lang.Object)'> (0x00000000c5b1d798) 
thrown [s\src\hotspot\share\interpreter\linkResolver.cpp, line 759]
Event: 6.310 Thread 0x00000225cd5e8f90 Exception <a 'java/lang/IncompatibleClassChangeError'{0x00000000c5b26be8}: Found class java.lang.Object, but interface was expected> (0x00000000c5b26be8) 
thrown [s\src\hotspot\share\interpreter\linkResolver.cpp, line 826]
Event: 6.653 Thread 0x00000225cd5e8f90 Exception <a 'java/lang/NoSuchMethodError'{0x00000000c56feec0}: 'java.lang.Object java.lang.invoke.DirectMethodHandle$Holder.invokeStaticInit(java.lang.Object, int, int, int, int)'> (0x00000000c56feec0) 
thrown [s\src\hotspot\share\interpreter\linkResolver.cpp, line 759]
Event: 6.823 Thread 0x00000225cd5e8f90 Exception <a 'java/lang/NoSuchMethodError'{0x00000000c558e4c8}: 'java.lang.Object java.lang.invoke.DirectMethodHandle$Holder.invokeStaticInit(java.lang.Object, java.lang.Object, int, int, int, int)'> (0x00000000c558e4c8) 
thrown [s\src\hotspot\share\interpreter\linkResolver.cpp, line 759]
Event: 7.087 Thread 0x00000225cd5e8f90 Exception <a 'java/lang/NoSuchMethodError'{0x00000000c5359c90}: 'java.lang.Object java.lang.invoke.DirectMethodHandle$Holder.invokeInterface(java.lang.Object, java.lang.Object, java.lang.Object)'> (0x00000000c5359c90) 
thrown [s\src\hotspot\share\interpreter\linkResolver.cpp, line 759]
Event: 7.087 Thread 0x00000225cd5e8f90 Exception <a 'java/lang/IncompatibleClassChangeError'{0x00000000c535d600}: Found class java.lang.Object, but interface was expected> (0x00000000c535d600) 
thrown [s\src\hotspot\share\interpreter\linkResolver.cpp, line 826]
Event: 7.102 Thread 0x00000225cd5e8f90 Exception <a 'java/lang/NoSuchMethodError'{0x00000000c5382ea0}: 'java.lang.Object java.lang.invoke.DirectMethodHandle$Holder.invokeVirtual(java.lang.Object, java.lang.Object, java.lang.Object, java.lang.Object)'> (0x00000000c5382ea0) 
thrown [s\src\hotspot\share\interpreter\linkResolver.cpp, line 759]
Event: 7.180 Thread 0x00000225e941dfa0 Exception <a 'java/net/ConnectException'{0x00000000c52319a8}: Connection refused: no further information> (0x00000000c52319a8) 
thrown [s\src\hotspot\share\prims\jni.cpp, line 535]
Event: 7.180 Thread 0x00000225e941dfa0 Exception <a 'java/net/SocketException'{0x00000000c5231ce0}: Socket is not connected: shutdown> (0x00000000c5231ce0) 
thrown [s\src\hotspot\share\prims\jni.cpp, line 535]
Event: 7.198 Thread 0x00000225e941dfa0 Exception <a 'java/net/ConnectException'{0x00000000c5232cd8}: Connection refused: no further information> (0x00000000c5232cd8) 
thrown [s\src\hotspot\share\prims\jni.cpp, line 535]
Event: 7.198 Thread 0x00000225e941dfa0 Exception <a 'java/net/SocketException'{0x00000000c5233010}: Socket is not connected: shutdown> (0x00000000c5233010) 
thrown [s\src\hotspot\share\prims\jni.cpp, line 535]
Event: 7.233 Thread 0x00000225e941dfa0 Exception <a 'java/net/ConnectException'{0x00000000c5233f38}: Connection refused: no further information> (0x00000000c5233f38) 
thrown [s\src\hotspot\share\prims\jni.cpp, line 535]
Event: 7.233 Thread 0x00000225e941dfa0 Exception <a 'java/net/SocketException'{0x00000000c5234270}: Socket is not connected: shutdown> (0x00000000c5234270) 
thrown [s\src\hotspot\share\prims\jni.cpp, line 535]
Event: 7.345 Thread 0x00000225cd5e8f90 Exception <a 'java/lang/NoSuchMethodError'{0x00000000c52e04c8}: 'java.lang.Object java.lang.invoke.DirectMethodHandle$Holder.newInvokeSpecial(java.lang.Object, java.lang.Object, int, int)'> (0x00000000c52e04c8) 
thrown [s\src\hotspot\share\interpreter\linkResolver.cpp, line 759]
Event: 7.347 Thread 0x00000225cd5e8f90 Exception <a 'java/lang/NoSuchMethodError'{0x00000000c52eb258}: 'void java.lang.invoke.DirectMethodHandle$Holder.invokeStatic(java.lang.Object, java.lang.Object, int)'> (0x00000000c52eb258) 
thrown [s\src\hotspot\share\interpreter\linkResolver.cpp, line 759]
Event: 7.505 Thread 0x00000225e941da90 Exception <a 'java/lang/NoSuchMethodError'{0x00000000c3a495b0}: 'java.lang.Object java.lang.invoke.DirectMethodHandle$Holder.invokeSpecial(java.lang.Object, java.lang.Object, java.lang.Object, java.lang.Object, int)'> (0x00000000c3a495b0) 
thrown [s\src\hotspot\share\interpreter\linkResolver.cpp, line 759]
Event: 7.506 Thread 0x00000225e941da90 Exception <a 'java/lang/NoSuchMethodError'{0x00000000c3a4d178}: 'java.lang.Object java.lang.invoke.Invokers$Holder.linkToTargetMethod(java.lang.Object, java.lang.Object, int, java.lang.Object)'> (0x00000000c3a4d178) 
thrown [s\src\hotspot\share\interpreter\linkResolver.cpp, line 759]
Event: 11.594 Thread 0x00000225e941d070 Exception <a 'java/lang/NoSuchMethodError'{0x00000000c37694f8}: 'void java.lang.invoke.DirectMethodHandle$Holder.invokeSpecial(java.lang.Object, java.lang.Object, java.lang.Object, java.lang.Object, java.lang.Object, java.lang.Object, java.lang.Object)'> (0x00000000c37694f8) 
thrown [s\src\hotspot\share\interpreter\linkResolver.cpp, line 759]
Event: 11.651 Thread 0x00000225cd5e8f90 Exception <a 'java/lang/NoSuchMethodError'{0x00000000c37d65a8}: 'java.lang.Object java.lang.invoke.DirectMethodHandle$Holder.invokeSpecialIFC(java.lang.Object, java.lang.Object, java.lang.Object)'> (0x00000000c37d65a8) 
thrown [s\src\hotspot\share\interpreter\linkResolver.cpp, line 759]
Event: 38.644 Thread 0x00000225cd5e8f90 Exception <a 'java/lang/reflect/InvocationTargetException'{0x00000000c3179c30}> (0x00000000c3179c30) 
thrown [s\src\hotspot\share\runtime\reflection.cpp, line 1121]

VM Operations (20 events):
Event: 7.446 Executing VM operation: CollectForMetadataAllocation
Event: 7.453 Executing VM operation: CollectForMetadataAllocation done
Event: 7.466 Executing VM operation: G1PauseRemark
Event: 7.469 Executing VM operation: G1PauseRemark done
Event: 7.473 Executing VM operation: G1PauseCleanup
Event: 7.473 Executing VM operation: G1PauseCleanup done
Event: 8.487 Executing VM operation: Cleanup
Event: 8.487 Executing VM operation: Cleanup done
Event: 11.549 Executing VM operation: HandshakeAllThreads
Event: 11.549 Executing VM operation: HandshakeAllThreads done
Event: 12.563 Executing VM operation: Cleanup
Event: 12.566 Executing VM operation: Cleanup done
Event: 13.683 Executing VM operation: Cleanup
Event: 13.683 Executing VM operation: Cleanup done
Event: 24.117 Executing VM operation: Cleanup
Event: 24.117 Executing VM operation: Cleanup done
Event: 27.130 Executing VM operation: Cleanup
Event: 27.130 Executing VM operation: Cleanup done
Event: 38.193 Executing VM operation: Cleanup
Event: 38.193 Executing VM operation: Cleanup done

Events (20 events):
Event: 11.685 loading class jdk/internal/access/JavaUtilCollectionAccess
Event: 11.685 loading class jdk/internal/access/JavaUtilCollectionAccess done
Event: 11.685 loading class java/util/ImmutableCollections$Access$1 done
Event: 11.784 Thread 0x00000225e941e9c0 Thread added: 0x00000225e941e9c0
Event: 11.785 Thread 0x00000225e918f3d0 Thread added: 0x00000225e918f3d0
Event: 11.808 Thread 0x00000225e918eec0 Thread added: 0x00000225e918eec0
Event: 11.808 Thread 0x00000225e918f8e0 Thread added: 0x00000225e918f8e0
Event: 11.836 loading class java/util/concurrent/locks/ReentrantReadWriteLock$FairSync
Event: 11.836 loading class java/util/concurrent/locks/ReentrantReadWriteLock$FairSync done
Event: 11.856 loading class sun/net/www/HeaderParser
Event: 11.856 loading class sun/net/www/HeaderParser done
Event: 12.287 Thread 0x00000225e941d580 Thread exited: 0x00000225e941d580
Event: 23.596 loading class java/lang/StringUTF16$CodePointsSpliterator
Event: 23.600 loading class java/lang/StringUTF16$CodePointsSpliterator done
Event: 38.458 loading class java/util/function/ToIntFunction
Event: 38.465 loading class java/util/function/ToIntFunction done
Event: 38.499 loading class java/util/TreeMap$EntrySpliterator
Event: 38.519 loading class java/util/TreeMap$EntrySpliterator done
Event: 38.528 loading class java/util/stream/SortedOps$SizedRefSortingSink
Event: 38.542 loading class java/util/stream/SortedOps$SizedRefSortingSink done


Dynamic libraries:
0x00007ff63bdc0000 - 0x00007ff63bdce000 	C:\Users\DELL\Downloads\eclipse-committers-2023-12-R-win32-x86_64\eclipse\plugins\org.eclipse.justj.openjdk.hotspot.jre.full.win32.x86_64_17.0.9.v20231028-0858\jre\bin\javaw.exe
0x00007ffcb5010000 - 0x00007ffcb5208000 	C:\Windows\SYSTEM32\ntdll.dll
0x00007ffcb3ed0000 - 0x00007ffcb3f8f000 	C:\Windows\System32\KERNEL32.DLL
0x00007ffcb2c50000 - 0x00007ffcb2f22000 	C:\Windows\System32\KERNELBASE.dll
0x00007ffcb2760000 - 0x00007ffcb2860000 	C:\Windows\System32\ucrtbase.dll
0x00007ffca05a0000 - 0x00007ffca05b7000 	C:\Users\DELL\Downloads\eclipse-committers-2023-12-R-win32-x86_64\eclipse\plugins\org.eclipse.justj.openjdk.hotspot.jre.full.win32.x86_64_17.0.9.v20231028-0858\jre\bin\jli.dll
0x00007ffca0580000 - 0x00007ffca059b000 	C:\Users\DELL\Downloads\eclipse-committers-2023-12-R-win32-x86_64\eclipse\plugins\org.eclipse.justj.openjdk.hotspot.jre.full.win32.x86_64_17.0.9.v20231028-0858\jre\bin\VCRUNTIME140.dll
0x00007ffcb4380000 - 0x00007ffcb4521000 	C:\Windows\System32\USER32.dll
0x00007ffcb2c20000 - 0x00007ffcb2c42000 	C:\Windows\System32\win32u.dll
0x00007ffcb47d0000 - 0x00007ffcb47fb000 	C:\Windows\System32\GDI32.dll
0x00007ffcb2b10000 - 0x00007ffcb2c1f000 	C:\Windows\System32\gdi32full.dll
0x00007ffcb2f30000 - 0x00007ffcb2fcd000 	C:\Windows\System32\msvcp_win.dll
0x00007ffc9cb00000 - 0x00007ffc9cd9a000 	C:\Windows\WinSxS\amd64_microsoft.windows.common-controls_6595b64144ccf1df_6.0.19041.1110_none_60b5254171f9507e\COMCTL32.dll
0x00007ffcb3630000 - 0x00007ffcb36ce000 	C:\Windows\System32\msvcrt.dll
0x00007ffcb3420000 - 0x00007ffcb3450000 	C:\Windows\System32\IMM32.DLL
0x00007ffca0460000 - 0x00007ffca046c000 	C:\Users\DELL\Downloads\eclipse-committers-2023-12-R-win32-x86_64\eclipse\plugins\org.eclipse.justj.openjdk.hotspot.jre.full.win32.x86_64_17.0.9.v20231028-0858\jre\bin\vcruntime140_1.dll
0x00007ffc86750000 - 0x00007ffc867dd000 	C:\Users\DELL\Downloads\eclipse-committers-2023-12-R-win32-x86_64\eclipse\plugins\org.eclipse.justj.openjdk.hotspot.jre.full.win32.x86_64_17.0.9.v20231028-0858\jre\bin\msvcp140.dll
0x00007ffc6acc0000 - 0x00007ffc6b921000 	C:\Users\DELL\Downloads\eclipse-committers-2023-12-R-win32-x86_64\eclipse\plugins\org.eclipse.justj.openjdk.hotspot.jre.full.win32.x86_64_17.0.9.v20231028-0858\jre\bin\server\jvm.dll
0x00007ffcb4590000 - 0x00007ffcb463e000 	C:\Windows\System32\ADVAPI32.dll
0x00007ffcb3250000 - 0x00007ffcb32ec000 	C:\Windows\System32\sechost.dll
0x00007ffcb32f0000 - 0x00007ffcb3414000 	C:\Windows\System32\RPCRT4.dll
0x00007ffcb2580000 - 0x00007ffcb25cb000 	C:\Windows\SYSTEM32\POWRPROF.dll
0x00007ffc91570000 - 0x00007ffc91597000 	C:\Windows\SYSTEM32\WINMM.dll
0x00007ffcb0ee0000 - 0x00007ffcb0ee9000 	C:\Windows\SYSTEM32\WSOCK32.dll
0x00007ffcb4f60000 - 0x00007ffcb4fcb000 	C:\Windows\System32\WS2_32.dll
0x00007ffca9120000 - 0x00007ffca912a000 	C:\Windows\SYSTEM32\VERSION.dll
0x00007ffcb2560000 - 0x00007ffcb2572000 	C:\Windows\SYSTEM32\UMPDC.dll
0x00007ffcb0f60000 - 0x00007ffcb0f72000 	C:\Windows\SYSTEM32\kernel.appcore.dll
0x00007ffcaadd0000 - 0x00007ffcaadda000 	C:\Users\DELL\Downloads\eclipse-committers-2023-12-R-win32-x86_64\eclipse\plugins\org.eclipse.justj.openjdk.hotspot.jre.full.win32.x86_64_17.0.9.v20231028-0858\jre\bin\jimage.dll
0x00007ffcb0c90000 - 0x00007ffcb0e74000 	C:\Windows\SYSTEM32\DBGHELP.DLL
0x00007ffc96130000 - 0x00007ffc96165000 	C:\Windows\SYSTEM32\dbgcore.DLL
0x00007ffcb2fd0000 - 0x00007ffcb3052000 	C:\Windows\System32\bcryptPrimitives.dll
0x00007ffca0340000 - 0x00007ffca0365000 	C:\Users\DELL\Downloads\eclipse-committers-2023-12-R-win32-x86_64\eclipse\plugins\org.eclipse.justj.openjdk.hotspot.jre.full.win32.x86_64_17.0.9.v20231028-0858\jre\bin\java.dll
0x00007ffca1150000 - 0x00007ffca1168000 	C:\Users\DELL\Downloads\eclipse-committers-2023-12-R-win32-x86_64\eclipse\plugins\org.eclipse.justj.openjdk.hotspot.jre.full.win32.x86_64_17.0.9.v20231028-0858\jre\bin\zip.dll
0x00007ffcb4800000 - 0x00007ffcb4f45000 	C:\Windows\System32\SHELL32.dll
0x00007ffcb04e0000 - 0x00007ffcb0c72000 	C:\Windows\SYSTEM32\windows.storage.dll
0x00007ffcb3f90000 - 0x00007ffcb42e5000 	C:\Windows\System32\combase.dll
0x00007ffcb2090000 - 0x00007ffcb20c0000 	C:\Windows\SYSTEM32\Wldp.dll
0x00007ffcb3d50000 - 0x00007ffcb3dfd000 	C:\Windows\System32\SHCORE.dll
0x00007ffcb3060000 - 0x00007ffcb30b5000 	C:\Windows\System32\shlwapi.dll
0x00007ffcb2650000 - 0x00007ffcb266f000 	C:\Windows\SYSTEM32\profapi.dll
0x00007ffca0930000 - 0x00007ffca0949000 	C:\Users\DELL\Downloads\eclipse-committers-2023-12-R-win32-x86_64\eclipse\plugins\org.eclipse.justj.openjdk.hotspot.jre.full.win32.x86_64_17.0.9.v20231028-0858\jre\bin\net.dll
0x00007ffca9500000 - 0x00007ffca960a000 	C:\Windows\SYSTEM32\WINHTTP.dll
0x00007ffcb1df0000 - 0x00007ffcb1e5a000 	C:\Windows\system32\mswsock.dll
0x00007ffca0320000 - 0x00007ffca0336000 	C:\Users\DELL\Downloads\eclipse-committers-2023-12-R-win32-x86_64\eclipse\plugins\org.eclipse.justj.openjdk.hotspot.jre.full.win32.x86_64_17.0.9.v20231028-0858\jre\bin\nio.dll
0x00007ffcb1ae0000 - 0x00007ffcb1b1b000 	C:\Windows\SYSTEM32\IPHLPAPI.DLL
0x00007ffcb37f0000 - 0x00007ffcb37f8000 	C:\Windows\System32\NSI.dll
0x00007ffca60c0000 - 0x00007ffca60d7000 	C:\Windows\SYSTEM32\dhcpcsvc6.DLL
0x00007ffca9f60000 - 0x00007ffca9f7d000 	C:\Windows\SYSTEM32\dhcpcsvc.DLL
0x00007ffcb1b20000 - 0x00007ffcb1beb000 	C:\Windows\SYSTEM32\DNSAPI.dll
0x00007ffcaadc0000 - 0x00007ffcaadd0000 	C:\Users\DELL\Downloads\eclipse-committers-2023-12-R-win32-x86_64\eclipse\plugins\org.eclipse.justj.openjdk.hotspot.jre.full.win32.x86_64_17.0.9.v20231028-0858\jre\bin\verify.dll
0x00007ffc9d590000 - 0x00007ffc9d59a000 	C:\Windows\System32\rasadhlp.dll
0x00007ffc9e600000 - 0x00007ffc9e680000 	C:\Windows\System32\fwpuclnt.dll
0x00007ffcb2a30000 - 0x00007ffcb2a57000 	C:\Windows\System32\bcrypt.dll
0x00007ffcb0f10000 - 0x00007ffcb0f1e000 	C:\Users\DELL\Downloads\eclipse-committers-2023-12-R-win32-x86_64\eclipse\plugins\org.eclipse.justj.openjdk.hotspot.jre.full.win32.x86_64_17.0.9.v20231028-0858\jre\bin\sunmscapi.dll
0x00007ffcb28d0000 - 0x00007ffcb2a26000 	C:\Windows\System32\CRYPT32.dll
0x00007ffcb2100000 - 0x00007ffcb2127000 	C:\Windows\SYSTEM32\ncrypt.dll
0x00007ffcb20c0000 - 0x00007ffcb20fb000 	C:\Windows\SYSTEM32\NTASN1.dll
0x00007ffcb1fe0000 - 0x00007ffcb1ff8000 	C:\Windows\SYSTEM32\CRYPTSP.dll
0x00007ffcb1710000 - 0x00007ffcb1744000 	C:\Windows\system32\rsaenh.dll
0x00007ffcb25d0000 - 0x00007ffcb25fe000 	C:\Windows\SYSTEM32\USERENV.dll
0x00007ffcb2000000 - 0x00007ffcb200c000 	C:\Windows\SYSTEM32\CRYPTBASE.dll
0x00007ffca03c0000 - 0x00007ffca03c7000 	C:\Windows\system32\wshunix.dll

dbghelp: loaded successfully - version: 4.0.5 - missing functions: none
symbol engine: initialized successfully - sym options: 0x614 - pdb path: .;C:\Users\DELL\Downloads\eclipse-committers-2023-12-R-win32-x86_64\eclipse\plugins\org.eclipse.justj.openjdk.hotspot.jre.full.win32.x86_64_17.0.9.v20231028-0858\jre\bin;C:\Windows\SYSTEM32;C:\Windows\WinSxS\amd64_microsoft.windows.common-controls_6595b64144ccf1df_6.0.19041.1110_none_60b5254171f9507e;C:\Users\DELL\Downloads\eclipse-committers-2023-12-R-win32-x86_64\eclipse\plugins\org.eclipse.justj.openjdk.hotspot.jre.full.win32.x86_64_17.0.9.v20231028-0858\jre\bin\server

VM Arguments:
jvm_args: -ea -Dfile.encoding=UTF-8 -Dstdout.encoding=UTF-8 -Dstderr.encoding=UTF-8 -XX:+ShowCodeDetailsInExceptionMessages 
java_command: org.eclipse.jdt.internal.junit.runner.RemoteTestRunner -version 3 -port 49229 -testLoaderClass org.eclipse.jdt.internal.junit5.runner.JUnit5TestLoader -loaderpluginname org.eclipse.jdt.junit5.runtime -classNames junitpkg.Amazone
java_class_path (initial): C:\Users\DELL\Downloads\Eclipse\Webdriverdecember\bin;C:\Users\DELL\Downloads\selenium 4.18\selenium LibararyFile\selenium-api-4.18.1-sources.jar;C:\Users\DELL\Downloads\selenium 4.18\selenium LibararyFile\selenium-chrome-driver-4.18.1.jar;C:\Users\DELL\Downloads\selenium 4.18\selenium LibararyFile\selenium-chrome-driver-4.18.1-sources.jar;C:\Users\DELL\Downloads\selenium 4.18\selenium LibararyFile\selenium-chromium-driver-4.18.1.jar;C:\Users\DELL\Downloads\selenium 4.18\selenium LibararyFile\selenium-chromium-driver-4.18.1-sources.jar;C:\Users\DELL\Downloads\selenium 4.18\selenium LibararyFile\selenium-devtools-v85-4.18.1.jar;C:\Users\DELL\Downloads\selenium 4.18\selenium LibararyFile\selenium-devtools-v85-4.18.1-sources.jar;C:\Users\DELL\Downloads\selenium 4.18\selenium LibararyFile\selenium-devtools-v120-4.18.1.jar;C:\Users\DELL\Downloads\selenium 4.18\selenium LibararyFile\selenium-devtools-v120-4.18.1-sources.jar;C:\Users\DELL\Downloads\selenium 4.18\selenium LibararyFile\selenium-devtools-v121-4.18.1.jar;C:\Users\DELL\Downloads\selenium 4.18\selenium LibararyFile\selenium-devtools-v121-4.18.1-sources.jar;C:\Users\DELL\Downloads\selenium 4.18\selenium LibararyFile\selenium-devtools-v122-4.18.1.jar;C:\Users\DELL\Downloads\selenium 4.18\selenium LibararyFile\selenium-devtools-v122-4.18.1-sources.jar;C:\Users\DELL\Downloads\selenium 4.18\selenium LibararyFile\selenium-edge-driver-4.18.1.jar;C:\Users\DELL\Downloads\selenium 4.18\selenium LibararyFile\selenium-edge-driver-4.18.1-sources.jar;C:\Users\DELL\Downloads\selenium 4.18\selenium LibararyFile\selenium-firefox-driver-4.18.1.jar;C:\Users\DELL\Downloads\selenium 4.18\selenium LibararyFile\selenium-firefox-driver-4.18.1-sources.jar;C:\Users\DELL\Downloads\selenium 4.18\selenium LibararyFile\selenium-http-4.18.1.jar;C:\Users\DELL\Downloads\selenium 4.18\selenium LibararyFile\selenium-http-4.18.1-sources.jar;C:\Users\DELL\Downloads\selenium 4.18\selenium LibararyFile\selenium-ie-driver-
Launcher Type: SUN_STANDARD

[Global flags]
     intx CICompilerCount                          = 3                                         {product} {ergonomic}
     uint ConcGCThreads                            = 1                                         {product} {ergonomic}
     uint G1ConcRefinementThreads                  = 4                                         {product} {ergonomic}
   size_t G1HeapRegionSize                         = 1048576                                   {product} {ergonomic}
    uintx GCDrainStackTargetSize                   = 64                                        {product} {ergonomic}
   size_t InitialHeapSize                          = 67108864                                  {product} {ergonomic}
   size_t MarkStackSize                            = 4194304                                   {product} {ergonomic}
   size_t MaxHeapSize                              = 1042284544                                {product} {ergonomic}
   size_t MaxNewSize                               = 624951296                                 {product} {ergonomic}
   size_t MinHeapDeltaBytes                        = 1048576                                   {product} {ergonomic}
   size_t MinHeapSize                              = 8388608                                   {product} {ergonomic}
    uintx NonNMethodCodeHeapSize                   = 5832780                                {pd product} {ergonomic}
    uintx NonProfiledCodeHeapSize                  = 122912730                              {pd product} {ergonomic}
    uintx ProfiledCodeHeapSize                     = 122912730                              {pd product} {ergonomic}
    uintx ReservedCodeCacheSize                    = 251658240                              {pd product} {ergonomic}
     bool SegmentedCodeCache                       = true                                      {product} {ergonomic}
     bool ShowCodeDetailsInExceptionMessages       = true                                   {manageable} {command line}
   size_t SoftMaxHeapSize                          = 1042284544                             {manageable} {ergonomic}
     bool UseCompressedClassPointers               = true                           {product lp64_product} {ergonomic}
     bool UseCompressedOops                        = true                           {product lp64_product} {ergonomic}
     bool UseG1GC                                  = true                                      {product} {ergonomic}
     bool UseLargePagesIndividualAllocation        = false                                  {pd product} {ergonomic}

Logging:
Log output configuration:
 #0: stdout all=warning uptime,level,tags
 #1: stderr all=off uptime,level,tags

Environment Variables:
PATH=C:/Users/DELL/Downloads/eclipse-committers-2023-12-R-win32-x86_64/eclipse//plugins/org.eclipse.justj.openjdk.hotspot.jre.full.win32.x86_64_17.0.9.v20231028-0858/jre/bin/server;C:/Users/DELL/Downloads/eclipse-committers-2023-12-R-win32-x86_64/eclipse//plugins/org.eclipse.justj.openjdk.hotspot.jre.full.win32.x86_64_17.0.9.v20231028-0858/jre/bin;C:\Program Files\Common Files\Oracle\Java\javapath;C:\Windows\system32;C:\Windows;C:\Windows\System32\Wbem;C:\Windows\System32\WindowsPowerShell\v1.0\;C:\Windows\System32\OpenSSH\;C:\Program Files (x86)\Microsoft SQL Server\160\Tools\Binn\;C:\Program Files\Microsoft SQL Server\160\Tools\Binn\;C:\Program Files\Microsoft SQL Server\Client SDK\ODBC\170\Tools\Binn\;C:\Program Files\Microsoft SQL Server\160\DTS\Binn\;C:\Program Files (x86)\Microsoft SQL Server\160\DTS\Binn\;C:\Program Files\Azure Data Studio\bin;C:\Users\DELL\AppData\Local\Microsoft\WindowsApps;C:\Users\DELL\AppData\Local\GitHubDesktop\bin;C:\Program Files\Azure Data Studio\bin;C:\Users\DELL\Downloads\eclipse-committers-2023-12-R-win32-x86_64\eclipse;
USERNAME=DELL
OS=Windows_NT
PROCESSOR_IDENTIFIER=Intel64 Family 6 Model 142 Stepping 12, GenuineIntel
TMP=C:\Users\DELL\AppData\Local\Temp
TEMP=C:\Users\DELL\AppData\Local\Temp



Periodic native trim disabled


---------------  S Y S T E M  ---------------

OS:
 Windows 10 , 64 bit Build 19041 (10.0.19041.2546)
OS uptime: 43 days 5:21 hours

CPU: total 4 (initial active 4) (2 cores per cpu, 2 threads per core) family 6 model 142 stepping 12 microcode 0xf0, cx8, cmov, fxsr, ht, mmx, 3dnowpref, sse, sse2, sse3, ssse3, sse4.1, sse4.2, popcnt, lzcnt, tsc, tscinvbit, aes, erms, clmul, clflush, clflushopt
Processor Information for all 4 processors :
  Max Mhz: 2304, Current Mhz: 2304, Mhz Limit: 2304

Memory: 4k page, system-wide physical 3973M (56M free)
TotalPageFile size 16261M (AvailPageFile size 43M)
current process WorkingSet (physical memory assigned to process): 44M, peak: 96M
current process commit charge ("private bytes"): 134M, peak: 162M

vm_info: OpenJDK 64-Bit Server VM (17.0.9+9) for windows-amd64 JRE (17.0.9+9), built on Oct 26 2023 14:01:42 by "admin" with MS VC++ 16.10 / 16.11 (VS2019)

END.
